\BOOKMARK [1][-]{section.1}{\376\377\000P\000r\000o\000g\000r\000a\000m\000a\000\040\0001}{}% 1
\BOOKMARK [2][-]{subsection.1.1}{\376\377\000C\000\363\000d\000i\000g\000o}{section.1}% 2
\BOOKMARK [2][-]{subsection.1.2}{\376\377\000G\000r\000\341\000f\000i\000c\000o\000s\000\040\000g\000e\000n\000e\000r\000a\000d\000o\000s\000\040\000p\000o\000r\000\040\000e\000l\000\040\000P\000r\000o\000g\000r\000a\000m\000a\000\040\0001}{section.1}% 3
\BOOKMARK [2][-]{subsection.1.3}{\376\377\000A\000n\000\341\000l\000i\000s\000i\000s\000\040\000d\000e\000\040\000r\000e\000s\000u\000l\000t\000a\000d\000o\000s}{section.1}% 4
\BOOKMARK [2][-]{subsection.1.4}{\376\377\000V\000e\000r\000i\000f\000i\000c\000a\000c\000i\000\363\000n}{section.1}% 5
\BOOKMARK [1][-]{section.2}{\376\377\000P\000r\000o\000g\000r\000a\000m\000a\000\040\0002}{}% 6
\BOOKMARK [2][-]{subsection.2.1}{\376\377\000C\000\363\000d\000i\000g\000o}{section.2}% 7
\BOOKMARK [2][-]{subsection.2.2}{\376\377\000G\000r\000\341\000f\000i\000c\000o\000s\000\040\000g\000e\000n\000e\000r\000a\000d\000o\000s\000\040\000p\000o\000r\000\040\000e\000l\000\040\000P\000r\000o\000g\000r\000a\000m\000a\000\040\0002}{section.2}% 8
\BOOKMARK [2][-]{subsection.2.3}{\376\377\000A\000n\000\341\000l\000i\000s\000i\000s\000\040\000d\000e\000\040\000r\000e\000s\000u\000l\000t\000a\000d\000o\000s}{section.2}% 9
\BOOKMARK [2][-]{subsection.2.4}{\376\377\000V\000e\000r\000i\000f\000i\000c\000a\000c\000i\000\363\000n}{section.2}% 10
\BOOKMARK [1][-]{section.3}{\376\377\000P\000r\000o\000g\000r\000a\000m\000a\000\040\0003}{}% 11
\BOOKMARK [2][-]{subsection.3.1}{\376\377\000C\000\363\000d\000i\000g\000o}{section.3}% 12
\BOOKMARK [2][-]{subsection.3.2}{\376\377\000G\000r\000\341\000f\000i\000c\000o\000s\000\040\000g\000e\000n\000e\000r\000a\000d\000o\000s\000\040\000p\000o\000r\000\040\000e\000l\000\040\000P\000r\000o\000g\000r\000a\000m\000a\000\040\0003}{section.3}% 13
\BOOKMARK [2][-]{subsection.3.3}{\376\377\000A\000n\000\341\000l\000i\000s\000i\000s\000\040\000d\000e\000\040\000r\000e\000s\000u\000l\000t\000a\000d\000o\000s}{section.3}% 14
\BOOKMARK [2][-]{subsection.3.4}{\376\377\000V\000e\000r\000i\000f\000i\000c\000a\000c\000i\000\363\000n}{section.3}% 15
\BOOKMARK [1][-]{section.4}{\376\377\000P\000r\000o\000g\000r\000a\000m\000a\000\040\0004}{}% 16
\BOOKMARK [2][-]{subsection.4.1}{\376\377\000C\000\363\000d\000i\000g\000o}{section.4}% 17
\BOOKMARK [2][-]{subsection.4.2}{\376\377\000G\000r\000\341\000f\000i\000c\000o\000s\000\040\000g\000e\000n\000e\000r\000a\000d\000o\000s\000\040\000p\000o\000r\000\040\000e\000l\000\040\000P\000r\000o\000g\000r\000a\000m\000a\000\040\0004}{section.4}% 18
\BOOKMARK [2][-]{subsection.4.3}{\376\377\000A\000n\000\341\000l\000i\000s\000i\000s\000\040\000d\000e\000\040\000r\000e\000s\000u\000l\000t\000a\000d\000o\000s}{section.4}% 19
\BOOKMARK [2][-]{subsection.4.4}{\376\377\000V\000e\000r\000i\000f\000i\000c\000a\000c\000i\000\363\000n}{section.4}% 20
\BOOKMARK [1][-]{section.5}{\376\377\000P\000r\000o\000g\000r\000a\000m\000a\000\040\0005}{}% 21
\BOOKMARK [2][-]{subsection.5.1}{\376\377\000C\000\363\000d\000i\000g\000o}{section.5}% 22
\BOOKMARK [2][-]{subsection.5.2}{\376\377\000G\000r\000\341\000f\000i\000c\000o\000s\000\040\000g\000e\000n\000e\000r\000a\000d\000o\000s\000\040\000p\000o\000r\000\040\000e\000l\000\040\000P\000r\000o\000g\000r\000a\000m\000a\000\040\0005}{section.5}% 23
\BOOKMARK [2][-]{subsection.5.3}{\376\377\000A\000n\000\341\000l\000i\000s\000i\000s\000\040\000d\000e\000\040\000r\000e\000s\000u\000l\000t\000a\000d\000o\000s}{section.5}% 24
\BOOKMARK [2][-]{subsection.5.4}{\376\377\000V\000e\000r\000i\000f\000i\000c\000a\000c\000i\000\363\000n}{section.5}% 25
\BOOKMARK [1][-]{section.6}{\376\377\000P\000r\000o\000g\000r\000a\000m\000a\000\040\0006}{}% 26
\BOOKMARK [2][-]{subsection.6.1}{\376\377\000C\000\363\000d\000i\000g\000o}{section.6}% 27
\BOOKMARK [2][-]{subsection.6.2}{\376\377\000G\000r\000\341\000f\000i\000c\000o\000s\000\040\000g\000e\000n\000e\000r\000a\000d\000o\000s\000\040\000p\000o\000r\000\040\000e\000l\000\040\000P\000r\000o\000g\000r\000a\000m\000a\000\040\0006}{section.6}% 28
\BOOKMARK [2][-]{subsection.6.3}{\376\377\000A\000n\000\341\000l\000i\000s\000i\000s\000\040\000d\000e\000\040\000r\000e\000s\000u\000l\000t\000a\000d\000o\000s}{section.6}% 29
\BOOKMARK [2][-]{subsection.6.4}{\376\377\000V\000e\000r\000i\000f\000i\000c\000a\000c\000i\000\363\000n}{section.6}% 30
\BOOKMARK [1][-]{section.7}{\376\377\000P\000r\000o\000g\000r\000a\000m\000a\000\040\0007}{}% 31
\BOOKMARK [2][-]{subsection.7.1}{\376\377\000C\000\363\000d\000i\000g\000o}{section.7}% 32
\BOOKMARK [2][-]{subsection.7.2}{\376\377\000G\000r\000\341\000f\000i\000c\000o\000s\000\040\000g\000e\000n\000e\000r\000a\000d\000o\000s\000\040\000p\000o\000r\000\040\000e\000l\000\040\000P\000r\000o\000g\000r\000a\000m\000a\000\040\0007}{section.7}% 33
\BOOKMARK [2][-]{subsection.7.3}{\376\377\000A\000n\000\341\000l\000i\000s\000i\000s\000\040\000d\000e\000\040\000r\000e\000s\000u\000l\000t\000a\000d\000o\000s}{section.7}% 34
\BOOKMARK [2][-]{subsection.7.4}{\376\377\000V\000e\000r\000i\000f\000i\000c\000a\000c\000i\000\363\000n}{section.7}% 35
\BOOKMARK [1][-]{section.8}{\376\377\000C\000o\000n\000c\000l\000u\000s\000i\000o\000n\000e\000s}{}% 36
